f:\экзамен\exam\x64\debug\vc141.pdb
f:\экзамен\exam\x64\debug\vc141.idb
f:\экзамен\exam\x64\debug\user.obj
f:\экзамен\exam\x64\debug\test.obj
f:\экзамен\exam\x64\debug\source.obj
f:\экзамен\exam\x64\debug\question.obj
f:\экзамен\exam\x64\debug\filehelper.obj
f:\экзамен\exam\x64\debug\door.obj
f:\экзамен\exam\x64\debug\application.obj
f:\экзамен\exam\x64\debug\account.obj
d:\экзамен\exam\x64\debug\vc141.pdb
d:\экзамен\exam\x64\debug\vc141.idb
d:\экзамен\exam\x64\debug\user.obj
d:\экзамен\exam\x64\debug\test.obj
d:\экзамен\exam\x64\debug\source.obj
d:\экзамен\exam\x64\debug\question.obj
d:\экзамен\exam\x64\debug\filehelper.obj
d:\экзамен\exam\x64\debug\door.obj
d:\экзамен\exam\x64\debug\application.obj
d:\экзамен\exam\x64\debug\account.obj
f:\экзамен\x64\debug\exam.exe
f:\экзамен\x64\debug\exam.ilk
f:\экзамен\x64\debug\exam.pdb
d:\экзамен\x64\debug\exam.exe
d:\экзамен\x64\debug\exam.ilk
d:\экзамен\x64\debug\exam.pdb
d:\экзамен\exam\x64\debug\exam.tlog\cl.command.1.tlog
d:\экзамен\exam\x64\debug\exam.tlog\cl.read.1.tlog
d:\экзамен\exam\x64\debug\exam.tlog\cl.write.1.tlog
d:\экзамен\exam\x64\debug\exam.tlog\link.command.1.tlog
d:\экзамен\exam\x64\debug\exam.tlog\link.read.1.tlog
d:\экзамен\exam\x64\debug\exam.tlog\link.write.1.tlog
